TN:
SF:C:\Marsh Developments\MCare_Enrollment branshes\Enrollment\src\PWA-user\src\components\Login.vue
FN:75,(anonymous_0)
FNF:1
FNH:0
FNDA:0,(anonymous_0)
DA:53,2
DA:65,0
DA:68,0
DA:74,0
DA:75,0
DA:76,0
DA:77,0
DA:78,0
DA:79,0
DA:80,0
DA:81,0
DA:83,0
DA:84,0
DA:85,0
DA:87,0
DA:88,0
DA:89,0
DA:90,0
DA:92,0
DA:93,0
LF:20
LH:1
BRDA:68,0,0,0
BRDA:68,0,1,0
BRDA:77,1,0,0
BRDA:77,1,1,0
BRDA:78,2,0,0
BRDA:78,2,1,0
BRDA:87,3,0,0
BRDA:87,3,1,0
BRDA:93,4,0,0
BRDA:93,4,1,0
BRF:10
BRH:0
end_of_record
TN:
SF:C:\Marsh Developments\MCare_Enrollment branshes\Enrollment\src\PWA-user\src\utils\auth.js
FN:11,(anonymous_0)
FN:30,(anonymous_1)
FNF:2
FNH:0
FNDA:0,(anonymous_0)
FNDA:0,(anonymous_1)
DA:6,0
DA:8,0
DA:10,0
DA:12,0
DA:13,0
DA:14,0
DA:28,0
DA:31,0
DA:32,0
DA:33,0
DA:38,0
DA:41,0
DA:42,0
DA:43,0
DA:44,0
DA:47,0
DA:50,0
DA:51,0
LF:18
LH:0
BRDA:12,0,0,0
BRDA:12,0,1,0
BRDA:14,1,0,0
BRDA:14,1,1,0
BRDA:32,2,0,0
BRDA:32,2,1,0
BRDA:43,3,0,0
BRDA:43,3,1,0
BRF:8
BRH:0
end_of_record
TN:
SF:C:\Marsh Developments\MCare_Enrollment branshes\Enrollment\src\PWA-user\src\utils\backend-api.js
FN:51,(anonymous_0)
FN:67,(anonymous_1)
FN:74,(anonymous_2)
FN:75,(anonymous_3)
FNF:4
FNH:0
FNDA:0,(anonymous_0)
FNDA:0,(anonymous_1)
FNDA:0,(anonymous_2)
FNDA:0,(anonymous_3)
DA:3,1
DA:37,1
DA:38,1
DA:39,1
DA:41,1
DA:43,1
DA:50,1
DA:55,0
DA:56,0
DA:57,0
DA:58,0
DA:61,0
DA:65,0
DA:69,0
DA:73,1
DA:74,0
DA:76,0
DA:77,0
DA:83,0
DA:84,0
DA:85,0
DA:88,0
DA:89,0
DA:90,0
DA:93,0
DA:94,0
DA:95,0
DA:98,0
DA:99,0
DA:100,0
DA:103,0
DA:104,0
DA:105,0
LF:33
LH:8
BRDA:56,0,0,0
BRDA:56,0,1,0
BRF:2
BRH:0
end_of_record
TN:
SF:C:\Marsh Developments\MCare_Enrollment branshes\Enrollment\src\PWA-user\src\utils\app-util.js
FN:43,(anonymous_0)
FN:46,(anonymous_1)
FN:51,(anonymous_2)
FN:51,(anonymous_3)
FN:55,(anonymous_4)
FN:55,(anonymous_5)
FN:59,(anonymous_6)
FN:59,(anonymous_7)
FN:65,(anonymous_8)
FN:65,(anonymous_9)
FN:73,(anonymous_10)
FN:78,(anonymous_11)
FN:89,(anonymous_12)
FN:107,(anonymous_13)
FNF:14
FNH:0
FNDA:0,(anonymous_0)
FNDA:0,(anonymous_1)
FNDA:0,(anonymous_2)
FNDA:0,(anonymous_3)
FNDA:0,(anonymous_4)
FNDA:0,(anonymous_5)
FNDA:0,(anonymous_6)
FNDA:0,(anonymous_7)
FNDA:0,(anonymous_8)
FNDA:0,(anonymous_9)
FNDA:0,(anonymous_10)
FNDA:0,(anonymous_11)
FNDA:0,(anonymous_12)
FNDA:0,(anonymous_13)
DA:5,0
DA:6,0
DA:7,0
DA:10,0
DA:11,0
DA:12,0
DA:13,0
DA:14,0
DA:16,0
DA:20,0
DA:21,0
DA:27,0
DA:28,0
DA:34,0
DA:38,0
DA:39,0
DA:40,0
DA:43,0
DA:46,0
DA:48,0
DA:49,0
DA:51,0
DA:52,0
DA:53,0
DA:55,0
DA:56,0
DA:57,0
DA:59,0
DA:61,0
DA:62,0
DA:63,0
DA:65,0
DA:67,0
DA:68,0
DA:69,0
DA:73,0
DA:76,0
DA:78,0
DA:79,0
DA:80,0
DA:84,0
DA:85,0
DA:86,0
DA:87,0
DA:88,0
DA:89,0
DA:90,0
DA:93,0
DA:94,0
DA:95,0
DA:96,0
DA:98,0
DA:101,0
DA:102,0
DA:104,0
DA:105,0
DA:107,0
LF:57
LH:0
BRDA:10,0,0,0
BRDA:10,0,1,0
BRDA:11,1,0,0
BRDA:11,1,1,0
BRDA:11,2,0,0
BRDA:11,2,1,0
BRDA:13,3,0,0
BRDA:13,3,1,0
BRDA:13,4,0,0
BRDA:13,4,1,0
BRDA:20,5,0,0
BRDA:20,5,1,0
BRDA:21,6,0,0
BRDA:21,6,1,0
BRDA:22,7,0,0
BRDA:22,7,1,0
BRDA:22,7,2,0
BRDA:22,7,3,0
BRDA:28,8,0,0
BRDA:28,8,1,0
BRDA:29,9,0,0
BRDA:29,9,1,0
BRDA:29,9,2,0
BRDA:29,9,3,0
BRDA:43,10,0,0
BRDA:43,10,1,0
BRDA:48,11,0,0
BRDA:48,11,1,0
BRDA:49,12,0,0
BRDA:49,12,1,0
BRDA:49,12,2,0
BRDA:49,12,3,0
BRDA:51,13,0,0
BRDA:51,13,1,0
BRDA:55,14,0,0
BRDA:55,14,1,0
BRDA:61,15,0,0
BRDA:61,15,1,0
BRDA:67,16,0,0
BRDA:67,16,1,0
BRDA:79,17,0,0
BRDA:79,17,1,0
BRDA:79,18,0,0
BRDA:79,18,1,0
BRDA:88,19,0,0
BRDA:88,19,1,0
BRDA:93,20,0,0
BRDA:93,20,1,0
BRDA:93,21,0,0
BRDA:93,21,1,0
BRDA:95,22,0,0
BRDA:95,22,1,0
BRDA:101,23,0,0
BRDA:101,23,1,0
BRDA:104,24,0,0
BRDA:104,24,1,0
BRDA:107,25,0,0
BRDA:107,25,1,0
BRF:58
BRH:0
end_of_record
TN:
SF:C:\Marsh Developments\MCare_Enrollment branshes\Enrollment\src\PWA-user\src\locales\index.js
FNF:0
FNH:0
DA:16,1
LF:1
LH:1
BRF:0
BRH:0
end_of_record
TN:
SF:C:\Marsh Developments\MCare_Enrollment branshes\Enrollment\src\PWA-user\src\App.vue
FN:128,(anonymous_0)
FN:137,(anonymous_1)
FNF:2
FNH:0
FNDA:0,(anonymous_0)
FNDA:0,(anonymous_1)
DA:67,0
DA:76,0
DA:78,0
DA:80,0
DA:83,0
DA:88,0
DA:123,0
DA:124,0
DA:125,0
DA:126,0
DA:127,0
DA:129,0
DA:130,0
DA:131,0
DA:135,0
DA:138,0
DA:142,0
LF:17
LH:0
BRDA:76,0,0,0
BRDA:76,0,1,0
BRDA:78,1,0,0
BRDA:78,1,1,0
BRDA:78,1,2,0
BRDA:125,2,0,0
BRDA:125,2,1,0
BRDA:133,3,0,0
BRDA:133,3,1,0
BRF:9
BRH:0
end_of_record
TN:
SF:C:\Marsh Developments\MCare_Enrollment branshes\Enrollment\src\PWA-user\src\components\BottomSheet.vue
FNF:0
FNH:0
DA:44,0
DA:51,0
DA:54,0
LF:3
LH:0
BRF:0
BRH:0
end_of_record
TN:
SF:C:\Marsh Developments\MCare_Enrollment branshes\Enrollment\src\PWA-user\src\components\404.vue
FNF:0
FNH:0
DA:23,0
LF:1
LH:0
BRF:0
BRH:0
end_of_record
TN:
SF:C:\Marsh Developments\MCare_Enrollment branshes\Enrollment\src\PWA-user\src\components\EmployeeChoice.vue
FN:31,(anonymous_0)
FNF:1
FNH:0
FNDA:0,(anonymous_0)
DA:22,0
DA:26,0
DA:31,0
DA:32,0
LF:4
LH:0
BRF:0
BRH:0
end_of_record
TN:
SF:C:\Marsh Developments\MCare_Enrollment branshes\Enrollment\src\PWA-user\src\components\EmployeeChoiceList.vue
FN:30,(anonymous_0)
FN:37,(anonymous_1)
FN:37,(anonymous_2)
FN:43,(anonymous_3)
FN:45,(anonymous_4)
FN:46,(anonymous_5)
FNF:6
FNH:0
FNDA:0,(anonymous_0)
FNDA:0,(anonymous_1)
FNDA:0,(anonymous_2)
FNDA:0,(anonymous_3)
FNDA:0,(anonymous_4)
FNDA:0,(anonymous_5)
DA:29,0
DA:30,0
DA:34,0
DA:35,0
DA:37,0
DA:42,0
DA:43,0
DA:45,0
DA:46,0
LF:9
LH:0
BRDA:30,0,0,0
BRDA:30,0,1,0
BRDA:35,1,0,0
BRDA:35,1,1,0
BRDA:37,2,0,0
BRDA:37,2,1,0
BRF:6
BRH:0
end_of_record
TN:
SF:C:\Marsh Developments\MCare_Enrollment branshes\Enrollment\src\PWA-user\src\components\Member.vue
FN:120,(anonymous_0)
FN:131,(anonymous_1)
FN:135,(anonymous_2)
FN:162,(anonymous_3)
FN:170,(anonymous_4)
FN:212,(anonymous_5)
FN:213,(anonymous_6)
FN:217,(anonymous_7)
FN:229,(anonymous_8)
FN:243,(anonymous_9)
FN:248,(anonymous_10)
FNF:11
FNH:0
FNDA:0,(anonymous_0)
FNDA:0,(anonymous_1)
FNDA:0,(anonymous_2)
FNDA:0,(anonymous_3)
FNDA:0,(anonymous_4)
FNDA:0,(anonymous_5)
FNDA:0,(anonymous_6)
FNDA:0,(anonymous_7)
FNDA:0,(anonymous_8)
FNDA:0,(anonymous_9)
FNDA:0,(anonymous_10)
DA:99,0
DA:119,0
DA:120,0
DA:122,0
DA:123,0
DA:127,0
DA:128,0
DA:130,0
DA:131,0
DA:134,0
DA:135,0
DA:136,0
DA:146,0
DA:149,0
DA:152,0
DA:157,0
DA:159,0
DA:160,0
DA:161,0
DA:163,0
DA:164,0
DA:165,0
DA:168,0
DA:171,0
DA:172,0
DA:179,0
DA:180,0
DA:183,0
DA:187,0
DA:188,0
DA:190,0
DA:191,0
DA:195,0
DA:200,0
DA:203,0
DA:206,0
DA:209,0
DA:212,0
DA:213,0
DA:216,0
DA:217,0
DA:222,0
DA:226,0
DA:229,0
DA:234,0
DA:239,0
DA:240,0
DA:242,0
DA:243,0
DA:244,0
DA:247,0
DA:248,0
DA:249,0
DA:253,0
DA:255,0
LF:55
LH:0
BRDA:119,0,0,0
BRDA:119,0,1,0
BRDA:122,1,0,0
BRDA:122,1,1,0
BRDA:127,2,0,0
BRDA:127,2,1,0
BRDA:141,3,0,0
BRDA:141,3,1,0
BRDA:164,4,0,0
BRDA:164,4,1,0
BRDA:164,5,0,0
BRDA:164,5,1,0
BRDA:183,6,0,0
BRDA:183,6,1,0
BRDA:203,7,0,0
BRDA:203,7,1,0
BRDA:209,8,0,0
BRDA:209,8,1,0
BRDA:213,9,0,0
BRDA:213,9,1,0
BRDA:217,10,0,0
BRDA:217,10,1,0
BRDA:222,11,0,0
BRDA:222,11,1,0
BRDA:222,12,0,0
BRDA:222,12,1,0
BRDA:226,13,0,0
BRDA:226,13,1,0
BRDA:229,14,0,0
BRDA:229,14,1,0
BRDA:229,15,0,0
BRDA:229,15,1,0
BRDA:234,16,0,0
BRDA:234,16,1,0
BRDA:234,17,0,0
BRDA:234,17,1,0
BRDA:242,18,0,0
BRDA:242,18,1,0
BRDA:244,19,0,0
BRDA:244,19,1,0
BRDA:247,20,0,0
BRDA:247,20,1,0
BRF:42
BRH:0
end_of_record
TN:
SF:C:\Marsh Developments\MCare_Enrollment branshes\Enrollment\src\PWA-user\src\components\FamilyInput.vue
FN:33,(anonymous_0)
FNF:1
FNH:0
FNDA:0,(anonymous_0)
DA:23,0
DA:27,0
DA:32,0
DA:33,0
DA:34,0
DA:36,0
LF:6
LH:0
BRF:0
BRH:0
end_of_record
TN:
SF:C:\Marsh Developments\MCare_Enrollment branshes\Enrollment\src\PWA-user\src\components\FamilyList.vue
FN:33,(anonymous_0)
FN:42,(anonymous_1)
FN:45,(anonymous_2)
FNF:3
FNH:0
FNDA:0,(anonymous_0)
FNDA:0,(anonymous_1)
FNDA:0,(anonymous_2)
DA:26,0
DA:32,0
DA:33,0
DA:37,0
DA:42,0
DA:44,0
DA:45,0
DA:47,0
LF:8
LH:0
BRDA:33,0,0,0
BRDA:33,0,1,0
BRDA:44,1,0,0
BRDA:44,1,1,0
BRDA:46,2,0,0
BRDA:46,2,1,0
BRF:6
BRH:0
end_of_record
TN:
SF:C:\Marsh Developments\MCare_Enrollment branshes\Enrollment\src\PWA-user\src\components\Home.vue
FNF:0
FNH:0
LF:0
LH:0
BRF:0
BRH:0
end_of_record
TN:
SF:C:\Marsh Developments\MCare_Enrollment branshes\Enrollment\src\PWA-user\src\components\Survey.vue
FN:50,(anonymous_0)
FN:64,(anonymous_1)
FN:122,(anonymous_2)
FN:128,(anonymous_3)
FNF:4
FNH:0
FNDA:0,(anonymous_0)
FNDA:0,(anonymous_1)
FNDA:0,(anonymous_2)
FNDA:0,(anonymous_3)
DA:31,0
DA:38,0
DA:42,0
DA:43,0
DA:44,0
DA:45,0
DA:46,0
DA:47,0
DA:49,0
DA:51,0
DA:52,0
DA:53,0
DA:58,0
DA:63,0
DA:65,0
DA:66,0
DA:68,0
DA:73,0
DA:78,0
DA:80,0
DA:82,0
DA:85,0
DA:89,0
DA:90,0
DA:91,0
DA:95,0
DA:96,0
DA:99,0
DA:100,0
DA:101,0
DA:106,0
DA:107,0
DA:108,0
DA:111,0
DA:112,0
DA:117,0
DA:120,0
DA:123,0
DA:124,0
DA:129,0
DA:134,0
LF:41
LH:0
BRDA:55,0,0,0
BRDA:55,0,1,0
BRDA:91,1,0,0
BRDA:91,1,1,0
BRDA:99,2,0,0
BRDA:99,2,1,0
BRDA:106,3,0,0
BRDA:106,3,1,0
BRDA:111,4,0,0
BRDA:111,4,1,0
BRF:10
BRH:0
end_of_record
TN:
SF:C:\Marsh Developments\MCare_Enrollment branshes\Enrollment\src\PWA-user\src\components\SurveyHeader.vue
FNF:0
FNH:0
DA:21,0
DA:25,0
DA:28,0
DA:31,0
LF:4
LH:0
BRF:0
BRH:0
end_of_record
TN:
SF:C:\Marsh Developments\MCare_Enrollment branshes\Enrollment\src\PWA-user\src\components\SurveyContent.vue
FN:131,(anonymous_0)
FN:160,(anonymous_1)
FN:173,(anonymous_2)
FN:178,(anonymous_3)
FN:179,(anonymous_4)
FN:183,(anonymous_5)
FN:193,(anonymous_6)
FN:196,(anonymous_7)
FN:198,(anonymous_8)
FN:225,(anonymous_9)
FN:232,(anonymous_10)
FN:246,(anonymous_11)
FN:247,(anonymous_12)
FN:251,(anonymous_13)
FN:258,(anonymous_14)
FN:270,(anonymous_15)
FN:300,(anonymous_16)
FN:304,(anonymous_17)
FN:315,(anonymous_18)
FN:339,(anonymous_19)
FNF:20
FNH:0
FNDA:0,(anonymous_0)
FNDA:0,(anonymous_1)
FNDA:0,(anonymous_2)
FNDA:0,(anonymous_3)
FNDA:0,(anonymous_4)
FNDA:0,(anonymous_5)
FNDA:0,(anonymous_6)
FNDA:0,(anonymous_7)
FNDA:0,(anonymous_8)
FNDA:0,(anonymous_9)
FNDA:0,(anonymous_10)
FNDA:0,(anonymous_11)
FNDA:0,(anonymous_12)
FNDA:0,(anonymous_13)
FNDA:0,(anonymous_14)
FNDA:0,(anonymous_15)
FNDA:0,(anonymous_16)
FNDA:0,(anonymous_17)
FNDA:0,(anonymous_18)
FNDA:0,(anonymous_19)
DA:98,0
DA:120,0
DA:123,0
DA:126,0
DA:129,0
DA:131,0
DA:136,0
DA:140,0
DA:143,0
DA:148,0
DA:150,0
DA:151,0
DA:155,0
DA:156,0
DA:157,0
DA:159,0
DA:160,0
DA:163,0
DA:164,0
DA:165,0
DA:166,0
DA:167,0
DA:171,0
DA:172,0
DA:173,0
DA:176,0
DA:178,0
DA:179,0
DA:180,0
DA:183,0
DA:184,0
DA:185,0
DA:186,0
DA:190,0
DA:191,0
DA:192,0
DA:193,0
DA:196,0
DA:197,0
DA:198,0
DA:201,0
DA:202,0
DA:206,0
DA:207,0
DA:208,0
DA:209,0
DA:212,0
DA:215,0
DA:218,0
DA:219,0
DA:223,0
DA:224,0
DA:226,0
DA:227,0
DA:228,0
DA:229,0
DA:230,0
DA:233,0
DA:234,0
DA:239,0
DA:240,0
DA:241,0
DA:244,0
DA:245,0
DA:246,0
DA:247,0
DA:249,0
DA:250,0
DA:251,0
DA:254,0
DA:256,0
DA:257,0
DA:258,0
DA:259,0
DA:269,0
DA:270,0
DA:271,0
DA:283,0
DA:286,0
DA:290,0
DA:294,0
DA:296,0
DA:297,0
DA:301,0
DA:302,0
DA:305,0
DA:306,0
DA:313,0
DA:315,0
DA:316,0
DA:320,0
DA:330,0
DA:335,0
DA:338,0
DA:339,0
DA:340,0
DA:345,0
DA:350,0
DA:351,0
DA:355,0
LF:100
LH:0
BRDA:131,0,0,0
BRDA:131,0,1,0
BRDA:150,1,0,0
BRDA:150,1,1,0
BRDA:151,2,0,0
BRDA:151,2,1,0
BRDA:152,3,0,0
BRDA:152,3,1,0
BRDA:163,4,0,0
BRDA:163,4,1,0
BRDA:171,5,0,0
BRDA:171,5,1,0
BRDA:173,6,0,0
BRDA:173,6,1,0
BRDA:180,7,0,0
BRDA:180,7,1,0
BRDA:183,8,0,0
BRDA:183,8,1,0
BRDA:190,9,0,0
BRDA:190,9,1,0
BRDA:201,10,0,0
BRDA:201,10,1,0
BRDA:206,11,0,0
BRDA:206,11,1,0
BRDA:249,12,0,0
BRDA:249,12,1,0
BRDA:257,13,0,0
BRDA:257,13,1,0
BRDA:264,14,0,0
BRDA:264,14,1,0
BRDA:264,14,2,0
BRDA:269,15,0,0
BRDA:269,15,1,0
BRDA:276,16,0,0
BRDA:276,16,1,0
BRDA:276,16,2,0
BRDA:340,17,0,0
BRDA:340,17,1,0
BRDA:341,18,0,0
BRDA:341,18,1,0
BRDA:341,18,2,0
BRDA:351,19,0,0
BRDA:351,19,1,0
BRDA:352,20,0,0
BRDA:352,20,1,0
BRF:45
BRH:0
end_of_record
TN:
SF:C:\Marsh Developments\MCare_Enrollment branshes\Enrollment\src\PWA-user\src\components\SurveyIntroduction.vue
FNF:0
FNH:0
DA:13,0
DA:17,0
DA:18,0
DA:21,0
LF:4
LH:0
BRDA:17,0,0,0
BRDA:17,0,1,0
BRDA:18,1,0,0
BRDA:18,1,1,0
BRF:4
BRH:0
end_of_record
TN:
SF:C:\Marsh Developments\MCare_Enrollment branshes\Enrollment\src\PWA-user\src\components\TopUp.vue
FNF:0
FNH:0
DA:21,0
DA:25,0
LF:2
LH:0
BRF:0
BRH:0
end_of_record
TN:
SF:C:\Marsh Developments\MCare_Enrollment branshes\Enrollment\src\PWA-user\src\components\TopUpList.vue
FN:97,(anonymous_0)
FN:99,(anonymous_1)
FN:107,(anonymous_2)
FN:109,(anonymous_3)
FN:118,(anonymous_4)
FN:129,(anonymous_5)
FN:132,(anonymous_6)
FNF:7
FNH:0
FNDA:0,(anonymous_0)
FNDA:0,(anonymous_1)
FNDA:0,(anonymous_2)
FNDA:0,(anonymous_3)
FNDA:0,(anonymous_4)
FNDA:0,(anonymous_5)
FNDA:0,(anonymous_6)
DA:79,0
DA:89,0
DA:92,0
DA:95,0
DA:96,0
DA:97,0
DA:98,0
DA:99,0
DA:100,0
DA:106,0
DA:107,0
DA:108,0
DA:109,0
DA:110,0
DA:116,0
DA:117,0
DA:118,0
DA:119,0
DA:123,0
DA:124,0
DA:129,0
DA:131,0
DA:132,0
DA:134,0
LF:24
LH:0
BRDA:96,0,0,0
BRDA:96,0,1,0
BRDA:98,1,0,0
BRDA:98,1,1,0
BRDA:100,2,0,0
BRDA:100,2,1,0
BRDA:106,3,0,0
BRDA:106,3,1,0
BRDA:108,4,0,0
BRDA:108,4,1,0
BRDA:110,5,0,0
BRDA:110,5,1,0
BRDA:117,6,0,0
BRDA:117,6,1,0
BRDA:131,7,0,0
BRDA:131,7,1,0
BRF:16
BRH:0
end_of_record
TN:
SF:C:\Marsh Developments\MCare_Enrollment branshes\Enrollment\src\PWA-user\src\components\SurveySummary.vue
FN:35,(anonymous_0)
FNF:1
FNH:0
FNDA:0,(anonymous_0)
DA:22,0
DA:30,0
DA:35,0
DA:36,0
DA:40,0
LF:5
LH:0
BRF:0
BRH:0
end_of_record
TN:
SF:C:\Marsh Developments\MCare_Enrollment branshes\Enrollment\src\PWA-user\src\components\SurveySummaryList.vue
FN:95,(anonymous_0)
FN:98,(anonymous_1)
FN:102,(anonymous_2)
FN:104,(anonymous_3)
FN:105,(anonymous_4)
FN:110,(anonymous_5)
FN:112,(anonymous_6)
FN:120,(anonymous_7)
FN:122,(anonymous_8)
FN:131,(anonymous_9)
FN:157,(anonymous_10)
FNF:11
FNH:0
FNDA:0,(anonymous_0)
FNDA:0,(anonymous_1)
FNDA:0,(anonymous_2)
FNDA:0,(anonymous_3)
FNDA:0,(anonymous_4)
FNDA:0,(anonymous_5)
FNDA:0,(anonymous_6)
FNDA:0,(anonymous_7)
FNDA:0,(anonymous_8)
FNDA:0,(anonymous_9)
FNDA:0,(anonymous_10)
DA:69,0
DA:92,0
DA:95,0
DA:98,0
DA:101,0
DA:102,0
DA:104,0
DA:105,0
DA:108,0
DA:109,0
DA:110,0
DA:111,0
DA:112,0
DA:113,0
DA:119,0
DA:120,0
DA:121,0
DA:122,0
DA:123,0
DA:129,0
DA:130,0
DA:131,0
DA:132,0
DA:136,0
DA:137,0
DA:142,0
DA:143,0
DA:144,0
DA:146,0
DA:157,0
DA:158,0
DA:159,0
DA:166,0
LF:33
LH:0
BRDA:109,0,0,0
BRDA:109,0,1,0
BRDA:111,1,0,0
BRDA:111,1,1,0
BRDA:113,2,0,0
BRDA:113,2,1,0
BRDA:119,3,0,0
BRDA:119,3,1,0
BRDA:121,4,0,0
BRDA:121,4,1,0
BRDA:123,5,0,0
BRDA:123,5,1,0
BRDA:130,6,0,0
BRDA:130,6,1,0
BRF:14
BRH:0
end_of_record
TN:
SF:C:\Marsh Developments\MCare_Enrollment branshes\Enrollment\src\PWA-user\src\router\index.js
FN:13,alreadyLogedIn
FN:23,requireAuth
FNF:2
FNH:0
FNDA:0,alreadyLogedIn
FNDA:0,requireAuth
DA:11,1
DA:14,0
DA:15,0
DA:19,0
DA:24,0
DA:25,0
DA:32,0
DA:62,0
DA:63,0
DA:69,0
DA:70,0
LF:11
LH:1
BRDA:14,0,0,0
BRDA:14,0,1,0
BRDA:24,1,0,0
BRDA:24,1,1,0
BRF:4
BRH:0
end_of_record
TN:
SF:C:\Marsh Developments\MCare_Enrollment branshes\Enrollment\src\PWA-user\src\store\index.js
FN:25,(anonymous_0)
FN:25,(anonymous_1)
FNF:2
FNH:0
FNDA:0,(anonymous_0)
FNDA:0,(anonymous_1)
DA:12,1
DA:25,0
DA:29,0
DA:34,0
DA:39,0
DA:44,0
DA:47,0
DA:50,0
LF:8
LH:1
BRF:0
BRH:0
end_of_record
TN:
SF:C:\Marsh Developments\MCare_Enrollment branshes\Enrollment\src\PWA-user\src\store\modules\user.js
FNF:0
FNH:0
DA:4,1
DA:6,1
DA:13,1
DA:15,0
DA:18,0
DA:21,0
DA:22,0
DA:26,1
DA:28,0
DA:31,0
LF:10
LH:4
BRF:0
BRH:0
end_of_record
TN:
SF:C:\Marsh Developments\MCare_Enrollment branshes\Enrollment\src\PWA-user\src\store\modules\survey.js
FNF:0
FNH:0
DA:9,1
DA:11,1
DA:19,1
DA:23,0
DA:25,0
DA:26,0
DA:40,0
DA:41,0
DA:49,0
DA:50,0
DA:58,0
DA:65,0
DA:71,0
DA:76,0
DA:80,1
DA:82,0
DA:85,0
DA:88,0
DA:91,0
LF:19
LH:4
BRDA:25,0,0,0
BRDA:25,0,1,0
BRDA:40,1,0,0
BRDA:40,1,1,0
BRDA:49,2,0,0
BRDA:49,2,1,0
BRF:6
BRH:0
end_of_record
TN:
SF:C:\Marsh Developments\MCare_Enrollment branshes\Enrollment\src\PWA-user\src\store\modules\family.js
FNF:0
FNH:0
DA:4,1
DA:6,1
DA:11,1
DA:16,0
DA:21,0
DA:26,0
DA:30,1
DA:32,0
DA:35,0
DA:38,0
LF:10
LH:4
BRF:0
BRH:0
end_of_record
TN:
SF:C:\Marsh Developments\MCare_Enrollment branshes\Enrollment\src\PWA-user\src\store\modules\plan.js
FNF:0
FNH:0
DA:4,1
DA:6,1
DA:11,1
DA:13,0
DA:17,1
DA:19,0
LF:6
LH:4
BRF:0
BRH:0
end_of_record
